[debug] [2024-09-20T18:21:42.444Z] ----------------------------------------------------------------------
[debug] [2024-09-20T18:21:42.451Z] Command:       C:\Program Files\nodejs\node.exe C:\Users\felip\AppData\Roaming\npm\node_modules\firebase-tools\lib\bin\firebase.js init
[debug] [2024-09-20T18:21:42.451Z] CLI Version:   13.18.0
[debug] [2024-09-20T18:21:42.452Z] Platform:      win32
[debug] [2024-09-20T18:21:42.452Z] Node Version:  v20.15.1
[debug] [2024-09-20T18:21:42.452Z] Time:          Fri Sep 20 2024 15:21:42 GMT-0300 (Argentina Standard Time)
[debug] [2024-09-20T18:21:42.452Z] ----------------------------------------------------------------------
[debug] 
[debug] [2024-09-20T18:21:42.463Z] > command requires scopes: ["email","openid","https://www.googleapis.com/auth/cloudplatformprojects.readonly","https://www.googleapis.com/auth/firebase","https://www.googleapis.com/auth/cloud-platform"]
[debug] [2024-09-20T18:21:42.464Z] > authorizing via signed-in user (desarollo.optimaldevs@gmail.com)
[info] 
     ######## #### ########  ######## ########     ###     ######  ########
     ##        ##  ##     ## ##       ##     ##  ##   ##  ##       ##
     ######    ##  ########  ######   ########  #########  ######  ######
     ##        ##  ##    ##  ##       ##     ## ##     ##       ## ##
     ##       #### ##     ## ######## ########  ##     ##  ######  ########

You're about to initialize a Firebase project in this directory:

  C:\Users\felip\Desktop\menu-digital

[info] 
=== Project Setup
[info] 
[info] First, let's associate this project directory with a Firebase project.
[info] You can create multiple project aliases by running firebase use --add, 
[info] but for now we'll just set up a default project.
[info] 
[info] i  If you want to create a project in a Google Cloud organization or folder, please use "firebase projects:create" instead, and return to this command when you've created the project. 
[debug] [2024-09-20T18:23:06.938Z] >>> [apiv2][query] POST https://cloudresourcemanager.googleapis.com/v1/projects [none]
[debug] [2024-09-20T18:23:06.938Z] >>> [apiv2][body] POST https://cloudresourcemanager.googleapis.com/v1/projects {"projectId":"menu-digital","name":"menu-digital"}
[debug] [2024-09-20T18:23:08.058Z] <<< [apiv2][status] POST https://cloudresourcemanager.googleapis.com/v1/projects 409
[debug] [2024-09-20T18:23:08.058Z] <<< [apiv2][body] POST https://cloudresourcemanager.googleapis.com/v1/projects {"error":{"code":409,"message":"Requested entity already exists","status":"ALREADY_EXISTS"}}
[debug] [2024-09-20T18:23:08.217Z] FirebaseError: HTTP Error: 409, Requested entity already exists
    at responseToError (C:\Users\felip\AppData\Roaming\npm\node_modules\firebase-tools\lib\responseToError.js:49:12)
    at RetryOperation._fn (C:\Users\felip\AppData\Roaming\npm\node_modules\firebase-tools\lib\apiv2.js:305:77)
    at process.processTicksAndRejections (node:internal/process/task_queues:95:5)
[error] 
[error] Error: Failed to create project because there is already a project with ID menu-digital. Please try again with a unique project ID.
